\BOOKMARK [1][-]{section.1}{Introduction}{}% 1
\BOOKMARK [2][-]{subsection.1.1}{Related work}{section.1}% 2
\BOOKMARK [2][-]{subsection.1.2}{Our contribution}{section.1}% 3
\BOOKMARK [1][-]{section.2}{Review of Kleiberg's work}{}% 4
\BOOKMARK [2][-]{subsection.2.1}{Priliminaries}{section.2}% 5
\BOOKMARK [2][-]{subsection.2.2}{Missing Proofs for single linkage}{section.2}% 6
\BOOKMARK [2][-]{subsection.2.3}{Why modify the consistency property?}{section.2}% 7
\BOOKMARK [1][-]{section.3}{A framework to investigate -transformation}{}% 8
\BOOKMARK [2][-]{subsection.3.1}{Our approach}{section.3}% 9
\BOOKMARK [2][-]{subsection.3.2}{Generate data points by -transformation}{section.3}% 10
\BOOKMARK [2][-]{subsection.3.3}{Measure the difference between partition results}{section.3}% 11
\BOOKMARK [1][-]{section.4}{Simulation Results}{}% 12
\BOOKMARK [2][-]{subsection.4.1}{Simulation for K-mediods}{section.4}% 13
\BOOKMARK [2][-]{subsection.4.2}{Simulation for Complete Linkage}{section.4}% 14
\BOOKMARK [2][-]{subsection.4.3}{Implication and limitation of the simulation}{section.4}% 15
\BOOKMARK [1][-]{section.5}{Prediction With Machine Learning methods}{}% 16
\BOOKMARK [2][-]{subsection.5.1}{Approach}{section.5}% 17
\BOOKMARK [2][-]{subsection.5.2}{Implementation and Experiment Results}{section.5}% 18
\BOOKMARK [1][-]{section.6}{Conclusions}{}% 19
\BOOKMARK [1][-]{appendix.A}{Remaining Proofs for Single-linkage}{}% 20
\BOOKMARK [1][-]{appendix.B}{ Pyhton and Matlab code }{}% 21
